<?xml version="1.0" encoding="UTF-8"?>
<!-- Generated by org.testng.reporters.JUnitXMLReporter -->
<testsuite ignored="8" hostname="LTIN293721" failures="0" tests="18" name="Test" time="341.637" errors="0" timestamp="2024-02-08T12:39:44 IST">
  <testcase classname="testCases.TC_001_CourseraPage" name="check_survey_visibility" time="0.424"/>
  <testcase classname="testCases.TC_001_CourseraPage" name="Verify_CourseraPage" time="0.062"/>
  <testcase classname="testCases.TC_002_Courses" name="verify_SearchIcon" time="0.135"/>
  <testcase classname="testCases.TC_002_Courses" name="search_courses" time="13.469"/>
  <testcase classname="testCases.TC_002_Courses" name="select_levels" time="0.387"/>
  <testcase classname="testCases.TC_002_Courses" name="select_langs" time="0.647"/>
  <testcase classname="testCases.TC_002_Courses" name="scrollUp" time="0.014"/>
  <testcase classname="testCases.TC_003_WebDevelopmentCourses" name="course_name" time="0.946"/>
  <testcase classname="testCases.TC_004_LanguageLearning" name="search_Language" time="8.538"/>
  <testcase classname="testCases.TC_004_LanguageLearning" name="show_FirstCourses" time="67.569"/>
  <testcase classname="testCases.TC_004_LanguageLearning" name="show_SecondCourses" time="63.758"/>
  <testcase classname="testCases.TC_004_LanguageLearning" name="show_ThirdCourses" time="43.351"/>
  <testcase classname="testCases.TC_004_LanguageLearning" name="show_FourthCourses" time="43.103"/>
  <testcase classname="testCases.TC_004_LanguageLearning" name="show_Courses" time="43.397"/>
  <testcase classname="testCases.TC_005_FormFilling" name="Enterprise" time="17.406"/>
  <testcase classname="testCases.TC_005_FormFilling" name="form" time="3.504"/>
  <testcase classname="testCases.TC_005_FormFilling" name="startfillingform" time="5.053"/>
  <testcase classname="testCases.TC_005_FormFilling" name="messageDisplay" time="4.054"/>
  <testcase classname="testBase.BaseClass" name="@BeforeTest setup" time="0.0">
    <ignored/>
  </testcase> <!-- @BeforeTest setup -->
  <testcase classname="testBase.BaseClass" name="@BeforeTest setup" time="0.0">
    <ignored/>
  </testcase> <!-- @BeforeTest setup -->
  <testcase classname="testBase.BaseClass" name="@BeforeTest setup" time="0.0">
    <ignored/>
  </testcase> <!-- @BeforeTest setup -->
  <testcase classname="testBase.BaseClass" name="@AfterTest teardown" time="0.0">
    <ignored/>
  </testcase> <!-- @AfterTest teardown -->
  <testcase classname="testBase.BaseClass" name="@BeforeTest setup" time="0.0">
    <ignored/>
  </testcase> <!-- @BeforeTest setup -->
  <testcase classname="testBase.BaseClass" name="@AfterTest teardown" time="0.0">
    <ignored/>
  </testcase> <!-- @AfterTest teardown -->
  <testcase classname="testBase.BaseClass" name="@AfterTest teardown" time="0.0">
    <ignored/>
  </testcase> <!-- @AfterTest teardown -->
  <testcase classname="testBase.BaseClass" name="@AfterTest teardown" time="0.0">
    <ignored/>
  </testcase> <!-- @AfterTest teardown -->
</testsuite> <!-- Test -->
