<?xml version="1.0" encoding="UTF-8"?>
<testng-results ignored="0" total="18" passed="18" failed="0" skipped="0">
  <reporter-output>
  </reporter-output>
  <suite started-at="2024-02-08T12:34:02 IST" name="Suite" finished-at="2024-02-08T12:39:44 IST" duration-ms="341637">
    <groups>
    </groups>
    <test started-at="2024-02-08T12:34:02 IST" name="Test" finished-at="2024-02-08T12:39:44 IST" duration-ms="341637">
      <class name="testCases.TC_004_LanguageLearning">
        <test-method signature="search_Language()[pri:9, instance:testCases.TC_004_LanguageLearning@2e8c1c9b]" started-at="2024-02-08T12:34:38 IST" name="search_Language" finished-at="2024-02-08T12:34:46 IST" duration-ms="8538" status="PASS">
          <reporter-output>
          </reporter-output>
        </test-method> <!-- search_Language -->
        <test-method signature="show_FirstCourses()[pri:10, instance:testCases.TC_004_LanguageLearning@2e8c1c9b]" started-at="2024-02-08T12:34:46 IST" name="show_FirstCourses" finished-at="2024-02-08T12:35:54 IST" duration-ms="67569" status="PASS">
          <reporter-output>
          </reporter-output>
        </test-method> <!-- show_FirstCourses -->
        <test-method signature="show_SecondCourses()[pri:11, instance:testCases.TC_004_LanguageLearning@2e8c1c9b]" started-at="2024-02-08T12:35:54 IST" name="show_SecondCourses" finished-at="2024-02-08T12:36:58 IST" duration-ms="63758" status="PASS">
          <reporter-output>
          </reporter-output>
        </test-method> <!-- show_SecondCourses -->
        <test-method signature="show_ThirdCourses()[pri:12, instance:testCases.TC_004_LanguageLearning@2e8c1c9b]" started-at="2024-02-08T12:36:58 IST" name="show_ThirdCourses" finished-at="2024-02-08T12:37:41 IST" duration-ms="43351" status="PASS">
          <reporter-output>
          </reporter-output>
        </test-method> <!-- show_ThirdCourses -->
        <test-method signature="show_FourthCourses()[pri:13, instance:testCases.TC_004_LanguageLearning@2e8c1c9b]" started-at="2024-02-08T12:37:42 IST" name="show_FourthCourses" finished-at="2024-02-08T12:38:25 IST" duration-ms="43103" status="PASS">
          <reporter-output>
          </reporter-output>
        </test-method> <!-- show_FourthCourses -->
        <test-method signature="show_Courses()[pri:14, instance:testCases.TC_004_LanguageLearning@2e8c1c9b]" started-at="2024-02-08T12:38:25 IST" name="show_Courses" finished-at="2024-02-08T12:39:08 IST" duration-ms="43397" status="PASS">
          <reporter-output>
          </reporter-output>
        </test-method> <!-- show_Courses -->
      </class> <!-- testCases.TC_004_LanguageLearning -->
      <class name="testCases.TC_003_WebDevelopmentCourses">
        <test-method signature="course_name()[pri:8, instance:testCases.TC_003_WebDevelopmentCourses@76a4ebf2]" started-at="2024-02-08T12:34:36 IST" name="course_name" finished-at="2024-02-08T12:34:37 IST" duration-ms="946" status="PASS">
          <reporter-output>
          </reporter-output>
        </test-method> <!-- course_name -->
      </class> <!-- testCases.TC_003_WebDevelopmentCourses -->
      <class name="testCases.TC_002_Courses">
        <test-method signature="verify_SearchIcon()[pri:3, instance:testCases.TC_002_Courses@6e6f2380]" started-at="2024-02-08T12:34:20 IST" name="verify_SearchIcon" finished-at="2024-02-08T12:34:21 IST" duration-ms="135" status="PASS">
          <reporter-output>
          </reporter-output>
        </test-method> <!-- verify_SearchIcon -->
        <test-method signature="search_courses()[pri:4, instance:testCases.TC_002_Courses@6e6f2380]" started-at="2024-02-08T12:34:21 IST" name="search_courses" finished-at="2024-02-08T12:34:34 IST" duration-ms="13469" status="PASS">
          <reporter-output>
          </reporter-output>
        </test-method> <!-- search_courses -->
        <test-method signature="select_levels()[pri:5, instance:testCases.TC_002_Courses@6e6f2380]" started-at="2024-02-08T12:34:35 IST" name="select_levels" finished-at="2024-02-08T12:34:35 IST" duration-ms="387" status="PASS">
          <reporter-output>
          </reporter-output>
        </test-method> <!-- select_levels -->
        <test-method signature="select_langs()[pri:6, instance:testCases.TC_002_Courses@6e6f2380]" started-at="2024-02-08T12:34:35 IST" name="select_langs" finished-at="2024-02-08T12:34:36 IST" duration-ms="647" status="PASS">
          <reporter-output>
          </reporter-output>
        </test-method> <!-- select_langs -->
        <test-method signature="scrollUp()[pri:7, instance:testCases.TC_002_Courses@6e6f2380]" started-at="2024-02-08T12:34:36 IST" name="scrollUp" finished-at="2024-02-08T12:34:36 IST" duration-ms="14" status="PASS">
          <reporter-output>
          </reporter-output>
        </test-method> <!-- scrollUp -->
      </class> <!-- testCases.TC_002_Courses -->
      <class name="testCases.TC_001_CourseraPage">
        <test-method is-config="true" signature="setup(java.lang.String,java.lang.String)[pri:0, instance:testCases.TC_001_CourseraPage@f78a47e]" started-at="2024-02-08T12:34:03 IST" name="setup" finished-at="2024-02-08T12:34:19 IST" duration-ms="16712" status="PASS">
          <params>
            <param index="0">
              <value>
                <![CDATA[Windows]]>
              </value>
            </param>
            <param index="1">
              <value>
                <![CDATA[edge]]>
              </value>
            </param>
          </params>
          <reporter-output>
          </reporter-output>
        </test-method> <!-- setup -->
        <test-method signature="check_survey_visibility()[pri:1, instance:testCases.TC_001_CourseraPage@f78a47e]" started-at="2024-02-08T12:34:19 IST" name="check_survey_visibility" finished-at="2024-02-08T12:34:20 IST" duration-ms="424" status="PASS">
          <reporter-output>
          </reporter-output>
        </test-method> <!-- check_survey_visibility -->
        <test-method signature="Verify_CourseraPage()[pri:2, instance:testCases.TC_001_CourseraPage@f78a47e]" started-at="2024-02-08T12:34:20 IST" name="Verify_CourseraPage" finished-at="2024-02-08T12:34:20 IST" duration-ms="62" status="PASS">
          <reporter-output>
          </reporter-output>
        </test-method> <!-- Verify_CourseraPage -->
        <test-method is-config="true" signature="teardown()[pri:0, instance:testCases.TC_001_CourseraPage@f78a47e]" started-at="2024-02-08T12:39:40 IST" name="teardown" finished-at="2024-02-08T12:39:44 IST" duration-ms="4204" status="PASS">
          <reporter-output>
          </reporter-output>
        </test-method> <!-- teardown -->
      </class> <!-- testCases.TC_001_CourseraPage -->
      <class name="testCases.TC_005_FormFilling">
        <test-method signature="Enterprise()[pri:11, instance:testCases.TC_005_FormFilling@53fe15ff]" started-at="2024-02-08T12:39:08 IST" name="Enterprise" finished-at="2024-02-08T12:39:26 IST" duration-ms="17406" status="PASS">
          <reporter-output>
          </reporter-output>
        </test-method> <!-- Enterprise -->
        <test-method signature="form()[pri:12, instance:testCases.TC_005_FormFilling@53fe15ff]" started-at="2024-02-08T12:39:26 IST" name="form" finished-at="2024-02-08T12:39:30 IST" duration-ms="3504" status="PASS">
          <reporter-output>
          </reporter-output>
        </test-method> <!-- form -->
        <test-method signature="startfillingform()[pri:13, instance:testCases.TC_005_FormFilling@53fe15ff]" started-at="2024-02-08T12:39:30 IST" name="startfillingform" finished-at="2024-02-08T12:39:35 IST" duration-ms="5053" status="PASS">
          <reporter-output>
          </reporter-output>
        </test-method> <!-- startfillingform -->
        <test-method signature="messageDisplay()[pri:14, instance:testCases.TC_005_FormFilling@53fe15ff]" started-at="2024-02-08T12:39:35 IST" name="messageDisplay" finished-at="2024-02-08T12:39:39 IST" duration-ms="4054" status="PASS">
          <reporter-output>
          </reporter-output>
        </test-method> <!-- messageDisplay -->
      </class> <!-- testCases.TC_005_FormFilling -->
    </test> <!-- Test -->
  </suite> <!-- Suite -->
</testng-results>
